18CLC1 18135010
18CLC1 18135003
18CLC1 18135004
18CLC1 18135005
18CLC1 18135002
18CLC1 18135007
18CLC1 18135009
18CLC1 18135008
18CLC1 18135001
18CLC1 18135006
18CLC1 18135010
18CLC1 18135003
18CLC1 18135004
18CLC1 18135005
18CLC1 18135002
18CLC1 18135007
18CLC1 18135009
18CLC1 18135008
18CLC1 18135001
18CLC1 18135006
18CLC1 18135010
18CLC1 18135003
18CLC1 18135004
18CLC1 18135005
18CLC1 18135002
18CLC1 18135007
18CLC1 18135009
18CLC1 18135008
18CLC1 18135001
18CLC1 18135006
18CLC1 18135010
18CLC1 18135003
18CLC1 18135004
18CLC1 18135005
18CLC1 18135002
18CLC1 18135007
18CLC1 18135009
18CLC1 18135008
18CLC1 18135001
18CLC1 18135006
