18135001 01012000
18135002 02022000
18135003 03032000
18135004 04042000
18135005 05052000
18135006 06062000
18135007 07072000
18135008 08082000
18135009 09092000
18135010 10102000
18149685 04122000
18145284 12022000
18143848 01032000
18141584 15112000
18143478 19102000
18140282 05082000
18142988 07092000
18142829 10112000
18140138 11102000
18155040 01012000
18155041 02022000
18155042 03032000
18155043 04042000
18155044 05052000
18155045 06062000
18155046 07072000
18155047 08082000
18155048 09092000
18155049 10102000
18165001 01042000
18165002 02042000
18165003 03042000
18165004 04042000
18165005 05042000
18165006 06042000
18165007 07042000
18165008 08042000
18165009 09042000
18165010 10042000
18175101 01042000
18175201 02022000
18175301 10042000
18175401 15042000
18175501 01092000
18175601 01112000
18175701 01122000
18175801 01082000
18175901 01092000
18171001 01032000
18135001 01012000
18135002 02022000
18135003 03032000
18135004 04042000
18135005 05052000
18135006 06062000
18135007 07072000
18135008 08082000
18135009 09092000
18135010 10102000
18149685 04122000
18145284 12022000
18143848 01032000
18141584 15112000
18143478 19102000
18140282 05082000
18142988 07092000
18142829 10112000
18140138 11102000
18155040 01012000
18155041 02022000
18155042 03032000
18155043 04042000
18155044 05052000
18155045 06062000
18155046 07072000
18155047 08082000
18155048 09092000
18155049 10102000
18165001 01042000
18165002 02042000
18165003 03042000
18165004 04042000
18165005 05042000
18165006 06042000
18165007 07042000
18165008 08042000
18165009 09042000
18165010 10042000
18175101 01042000
18175201 02022000
18175301 10042000
18175401 15042000
18175501 01092000
18175601 01112000
18175701 01122000
18175801 01082000
18175901 01092000
18171001 01032000
18135001 01012000
18135002 02022000
18135003 03032000
18135004 04042000
18135005 05052000
18135006 06062000
18135007 07072000
18135008 08082000
18135009 09092000
18135010 10102000
18149685 04122000
18145284 12022000
18143848 01032000
18141584 15112000
18143478 19102000
18140282 05082000
18142988 07092000
18142829 10112000
18140138 11102000
18155040 01012000
18155041 02022000
18155042 03032000
18155043 04042000
18155044 05052000
18155045 06062000
18155046 07072000
18155047 08082000
18155048 09092000
18155049 10102000
18165001 01042000
18165002 02042000
18165003 03042000
18165004 04042000
18165005 05042000
18165006 06042000
18165007 07042000
18165008 08042000
18165009 09042000
18165010 10042000
18175101 01042000
18175201 02022000
18175301 10042000
18175401 15042000
18175501 01092000
18175601 01112000
18175701 01122000
18175801 01082000
18175901 01092000
18171001 01032000
18135001 01012000
18135002 02022000
18135003 03032000
18135004 04042000
18135005 05052000
18135006 06062000
18135007 07072000
18135008 08082000
18135009 09092000
18135010 10102000
18149685 04122000
18145284 12022000
18143848 01032000
18141584 15112000
18143478 19102000
18140282 05082000
18142988 07092000
18142829 10112000
18140138 11102000
18155040 01012000
18155041 02022000
18155042 03032000
18155043 04042000
18155044 05052000
18155045 06062000
18155046 07072000
18155047 08082000
18155048 09092000
18155049 10102000
18165001 01042000
18165002 02042000
18165003 03042000
18165004 04042000
18165005 05042000
18165006 06042000
18165007 07042000
18165008 08042000
18165009 09042000
18165010 10042000
18175101 01042000
18175201 02022000
18175301 10042000
18175401 15042000
18175501 01092000
18175601 01112000
18175701 01122000
18175801 01082000
18175901 01092000
18171001 01032000
18135001 01012000
18135002 02022000
18135003 03032000
18135004 04042000
18135005 05052000
18135006 06062000
18135007 07072000
18135008 08082000
18135009 09092000
18135010 10102000
18149685 04122000
18145284 12022000
18143848 01032000
18141584 15112000
18143478 19102000
18140282 05082000
18142988 07092000
18142829 10112000
18140138 11102000
18155040 01012000
18155041 02022000
18155042 03032000
18155043 04042000
18155044 05052000
18155045 06062000
18155046 07072000
18155047 08082000
18155048 09092000
18155049 10102000
18165001 01042000
18165002 02042000
18165003 03042000
18165004 04042000
18165005 05042000
18165006 06042000
18165007 07042000
18165008 08042000
18165009 09042000
18165010 10042000
18175101 01042000
18175201 02022000
18175301 10042000
18175401 15042000
18175501 01092000
18175601 01112000
18175701 01122000
18175801 01082000
18175901 01092000
18171001 01032000
18135001 01012000
18135002 02022000
18135003 03032000
18135004 04042000
18135005 05052000
18135006 06062000
18135007 07072000
18135008 08082000
18135009 09092000
18135010 10102000
18149685 04122000
18145284 12022000
18143848 01032000
18141584 15112000
18143478 19102000
18140282 05082000
18142988 07092000
18142829 10112000
18140138 11102000
18155040 01012000
18155041 02022000
18155042 03032000
18155043 04042000
18155044 05052000
18155045 06062000
18155046 07072000
18155047 08082000
18155048 09092000
18155049 10102000
18165001 01042000
18165002 02042000
18165003 03042000
18165004 04042000
18165005 05042000
18165006 06042000
18165007 07042000
18165008 08042000
18165009 09042000
18165010 10042000
18175101 01042000
18175201 02022000
18175301 10042000
18175401 15042000
18175501 01092000
18175601 01112000
18175701 01122000
18175801 01082000
18175901 01092000
18171001 01032000
18135001 01012000
18135002 02022000
18135003 03032000
18135004 04042000
18135005 05052000
18135006 06062000
18135007 07072000
18135008 08082000
18135009 09092000
18135010 10102000
18149685 04122000
18145284 12022000
18143848 01032000
18141584 15112000
18143478 19102000
18140282 05082000
18142988 07092000
18142829 10112000
18140138 11102000
18155040 01012000
18155041 02022000
18155042 03032000
18155043 04042000
18155044 05052000
18155045 06062000
18155046 07072000
18155047 08082000
18155048 09092000
18155049 10102000
18165001 01042000
18165002 02042000
18165003 03042000
18165004 04042000
18165005 05042000
18165006 06042000
18165007 07042000
18165008 08042000
18165009 09042000
18165010 10042000
18175101 01042000
18175201 02022000
18175301 10042000
18175401 15042000
18175501 01092000
18175601 01112000
18175701 01122000
18175801 01082000
18175901 01092000
18171001 01032000
18135001 01012000
18135002 02022000
18135003 03032000
18135004 04042000
18135005 05052000
18135006 06062000
18135007 07072000
18135008 08082000
18135009 09092000
18135010 10102000
18149685 04122000
18145284 12022000
18143848 01032000
18141584 15112000
18143478 19102000
18140282 05082000
18142988 07092000
18142829 10112000
18140138 11102000
18155040 01012000
18155041 02022000
18155042 03032000
18155043 04042000
18155044 05052000
18155045 06062000
18155046 07072000
18155047 08082000
18155048 09092000
18155049 10102000
18165001 01042000
18165002 02042000
18165003 03042000
18165004 04042000
18165005 05042000
18165006 06042000
18165007 07042000
18165008 08042000
18165009 09042000
18165010 10042000
18175101 01042000
18175201 02022000
18175301 10042000
18175401 15042000
18175501 01092000
18175601 01112000
18175701 01122000
18175801 01082000
18175901 01092000
18171001 01032000
18135001 01012000
18135002 02022000
18135003 03032000
18135004 04042000
18135005 05052000
18135006 06062000
18135007 07072000
18135008 08082000
18135009 09092000
18135010 10102000
18149685 04122000
18145284 12022000
18143848 01032000
18141584 15112000
18143478 19102000
18140282 05082000
18142988 07092000
18142829 10112000
18140138 11102000
18155040 01012000
18155041 02022000
18155042 03032000
18155043 04042000
18155044 05052000
18155045 06062000
18155046 07072000
18155047 08082000
18155048 09092000
18155049 10102000
18165001 01042000
18165002 02042000
18165003 03042000
18165004 04042000
18165005 05042000
18165006 06042000
18165007 07042000
18165008 08042000
18165009 09042000
18165010 10042000
18175101 01042000
18175201 02022000
18175301 10042000
18175401 15042000
18175501 01092000
18175601 01112000
18175701 01122000
18175801 01082000
18175901 01092000
18171001 01032000
18135001 01012000
18135002 02022000
18135003 03032000
18135004 04042000
18135005 05052000
18135006 06062000
18135007 07072000
18135008 08082000
18135009 09092000
18135010 10102000
18149685 04122000
18145284 12022000
18143848 01032000
18141584 15112000
18143478 19102000
18140282 05082000
18142988 07092000
18142829 10112000
18140138 11102000
18155040 01012000
18155041 02022000
18155042 03032000
18155043 04042000
18155044 05052000
18155045 06062000
18155046 07072000
18155047 08082000
18155048 09092000
18155049 10102000
18165001 01042000
18165002 02042000
18165003 03042000
18165004 04042000
18165005 05042000
18165006 06042000
18165007 07042000
18165008 08042000
18165009 09042000
18165010 10042000
18175101 01042000
18175201 02022000
18175301 10042000
18175401 15042000
18175501 01092000
18175601 01112000
18175701 01122000
18175801 01082000
18175901 01092000
18171001 01032000
18135001 01012000
18135002 02022000
18135003 03032000
18135004 04042000
18135005 05052000
18135006 06062000
18135007 07072000
18135008 08082000
18135009 09092000
18135010 10102000
18149685 04122000
18145284 12022000
18143848 01032000
18141584 15112000
18143478 19102000
18140282 05082000
18142988 07092000
18142829 10112000
18140138 11102000
18155040 01012000
18155041 02022000
18155042 03032000
18155043 04042000
18155044 05052000
18155045 06062000
18155046 07072000
18155047 08082000
18155048 09092000
18155049 10102000
18165001 01042000
18165002 02042000
18165003 03042000
18165004 04042000
18165005 05042000
18165006 06042000
18165007 07042000
18165008 08042000
18165009 09042000
18165010 10042000
18175101 01042000
18175201 02022000
18175301 10042000
18175401 15042000
18175501 01092000
18175601 01112000
18175701 01122000
18175801 01082000
18175901 01092000
18171001 01032000
18135001 01012000
18135002 02022000
18135003 03032000
18135004 04042000
18135005 05052000
18135006 06062000
18135007 07072000
18135008 08082000
18135009 09092000
18135010 10102000
18149685 04122000
18145284 12022000
18143848 01032000
18141584 15112000
18143478 19102000
18140282 05082000
18142988 07092000
18142829 10112000
18140138 11102000
18155040 01012000
18155041 02022000
18155042 03032000
18155043 04042000
18155044 05052000
18155045 06062000
18155046 07072000
18155047 08082000
18155048 09092000
18155049 10102000
18165001 01042000
18165002 02042000
18165003 03042000
18165004 04042000
18165005 05042000
18165006 06042000
18165007 07042000
18165008 08042000
18165009 09042000
18165010 10042000
18175101 01042000
18175201 02022000
18175301 10042000
18175401 15042000
18175501 01092000
18175601 01112000
18175701 01122000
18175801 01082000
18175901 01092000
18171001 01032000
18135010 10102000
18135001 01012000
18135002 02022000
18135003 03032000
18135004 04042000
18135005 05052000
18135006 06062000
18135007 07072000
18135008 08082000
18135009 09092000
18135010 10102000
18149685 04122000
18145284 12022000
18143848 01032000
18141584 15112000
18143478 19102000
18140282 05082000
18142988 07092000
18142829 10112000
18140138 11102000
18155040 01012000
18155041 02022000
18155042 03032000
18155043 04042000
18155044 05052000
18155045 06062000
18155046 07072000
18155047 08082000
18155048 09092000
18155049 10102000
18165001 01042000
18165002 02042000
18165003 03042000
18165004 04042000
18165005 05042000
18165006 06042000
18165007 07042000
18165008 08042000
18165009 09042000
18165010 10042000
18175101 01042000
18175201 02022000
18175301 10042000
18175401 15042000
18175501 01092000
18175601 01112000
18175701 01122000
18175801 01082000
18175901 01092000
18171001 01032000
