0
admin
21232f297a57a5a743894a0e4a801fc3
x
0
admin
21232f297a57a5a743894a0e4a801fc3
x
1
aaa
b59c67bf196a4758191e42f76670ceba
x
0
admin
21232f297a57a5a743894a0e4a801fc3
x
1
aaa
b59c67bf196a4758191e42f76670ceba
x
1
bbb
934b535800b1cba8f96a5d72f72f1611
x
0
admin
21232f297a57a5a743894a0e4a801fc3
x
1
aaa
b59c67bf196a4758191e42f76670ceba
x
1
bbb
934b535800b1cba8f96a5d72f72f1611
x
1
ccc
2be9bd7a3434f7038ca27d1918de58bd
x
rm -r data/lecturers/bbb
1
2
fd035e95fff318476a6300f1e1adca2a fd035e95fff318476a6300f1e1adca2a
fd035e95fff318476a6300f1e1adca2a 8a7ab20ec0ab3262ce329c7dcb399a4e
fd035e95fff318476a6300f1e1adca2a fd035e95fff318476a6300f1e1adca2a
6512bd43d9caa6e02c990b0a82652dca fd035e95fff318476a6300f1e1adca2a
fd035e95fff318476a6300f1e1adca2a fd035e95fff318476a6300f1e1adca2a
fd035e95fff318476a6300f1e1adca2a 0879a1e03a63e40fa6ace9e541f20c1b
0879a1e03a63e40fa6ace9e541f20c1b 0879a1e03a63e40fa6ace9e541f20c1b
21232f297a57a5a743894a0e4a801fc3 8faa15f05c177bce232ce7eeaa0c82ce
8faa15f05c177bce232ce7eeaa0c82ce 8faa15f05c177bce232ce7eeaa0c82ce
f52480944c6749ccc1e0242baa4b8369 8faa15f05c177bce232ce7eeaa0c82ce
8faa15f05c177bce232ce7eeaa0c82ce 8faa15f05c177bce232ce7eeaa0c82ce
8faa15f05c177bce232ce7eeaa0c82ce 8faa15f05c177bce232ce7eeaa0c82ce
fd035e95fff318476a6300f1e1adca2a fd035e95fff318476a6300f1e1adca2a
fd035e95fff318476a6300f1e1adca2a 0879a1e03a63e40fa6ace9e541f20c1b
0879a1e03a63e40fa6ace9e541f20c1b 0879a1e03a63e40fa6ace9e541f20c1b
fd035e95fff318476a6300f1e1adca2a fd035e95fff318476a6300f1e1adca2a
